
2023-09-08 10:40:11 [INFO] -  connecting to PostgreSQL
2023-09-08 10:40:11 [INFO] -  connecting to PostgreSQL
2023-09-08 10:40:11 [INFO] - Retrieved transaction data
2023-09-08 10:40:11 [INFO] - Retrieved product data
2023-09-08 10:40:12 [INFO] - Loading transaction data to staging table...
2023-09-08 10:40:12 [INFO] - Loading product data to staging table...
2023-09-08 10:40:13 [INFO] -  connecting to PostgreSQL
2023-09-08 10:40:14 [INFO] - Retrieved user data
2023-09-08 10:40:14 [INFO] - Loading user data to staging table...
2023-09-08 10:40:18 [INFO] - Retrieved review data
2023-09-08 10:40:26 [INFO] -  connecting to PostgreSQL
2023-09-08 10:40:26 [INFO] - Retrieved review data
2023-09-08 10:40:27 [INFO] - Loading review data to staging table...
2023-09-08 10:40:50 [INFO] -  connecting to PostgreSQL
2023-09-08 10:40:50 [INFO] -  connecting to PostgreSQL
2023-09-08 10:40:50 [INFO] - Transformed product data...
2023-09-08 10:40:50 [INFO] - Transformed review data...
2023-09-08 10:40:52 [INFO] - Loading product data to intermediate table...
2023-09-08 10:40:52 [INFO] - Loading review data to intermediate table...
2023-09-08 10:40:56 [INFO] -  connecting to PostgreSQL
2023-09-08 10:40:56 [INFO] - Transformed user data...
2023-09-08 10:40:58 [INFO] - Loading user data to intermediate table...
2023-09-08 10:40:59 [INFO] -  connecting to PostgreSQL
2023-09-08 10:41:00 [INFO] - Transformed transaction data...
2023-09-08 10:41:00 [INFO] - Loading transaction data to intermediate table...
2023-09-08 10:41:02 [INFO] - Loading user data to dim table...
2023-09-08 10:41:02 [INFO] - Loading product data to dim table...
2023-09-08 10:41:08 [INFO] - Loading review data to dim table...
2023-09-08 10:41:13 [INFO] - Loading transaction data to fact table...
2023-09-08 10:41:18 [ERROR] - Null values found in the user dimension table!
2023-09-08 10:41:18 [ERROR] - An error occurred during validation: Null values found in the user dimension table!
2023-09-08 10:41:18 [INFO] - Dimension table 'dim_product' validated successfully.
2023-09-08 10:41:18 [INFO] - Dimension table 'dim_review' validated successfully.
2023-09-08 10:41:22 [INFO] - fact table is validated
2023-09-08 10:44:17 [INFO] -  connecting to PostgreSQL
2023-09-08 10:44:17 [INFO] -  connecting to PostgreSQL
2023-09-08 10:44:17 [INFO] -  connecting to PostgreSQL
2023-09-08 10:44:17 [INFO] - Retrieved transaction data
2023-09-08 10:44:17 [INFO] - Retrieved product data
2023-09-08 10:44:17 [INFO] - Retrieved user data
2023-09-08 10:44:18 [INFO] - Loading transaction data to staging table...
2023-09-08 10:44:18 [INFO] - Loading product data to staging table...
2023-09-08 10:44:18 [INFO] - Loading user data to staging table...
2023-09-08 10:44:24 [INFO] - Retrieved review data
2023-09-08 10:44:34 [INFO] -  connecting to PostgreSQL
2023-09-08 10:44:34 [INFO] - Retrieved review data
2023-09-08 10:44:34 [INFO] - Loading review data to staging table...
2023-09-08 10:44:56 [INFO] -  connecting to PostgreSQL
2023-09-08 10:44:56 [INFO] -  connecting to PostgreSQL
2023-09-08 10:44:56 [INFO] -  connecting to PostgreSQL
2023-09-08 10:44:56 [INFO] - Transformed review data...
2023-09-08 10:44:56 [INFO] - Transformed user data...
2023-09-08 10:44:57 [INFO] -  connecting to PostgreSQL
2023-09-08 10:44:57 [INFO] - Transformed product data...
2023-09-08 10:44:57 [INFO] - Transformed transaction data...
2023-09-08 10:44:57 [INFO] - Loading user data to intermediate table...
2023-09-08 10:44:58 [INFO] - Loading review data to intermediate table...
2023-09-08 10:44:58 [INFO] - Loading transaction data to intermediate table...
2023-09-08 10:44:59 [INFO] - Loading product data to intermediate table...
2023-09-08 10:45:09 [INFO] - Loading product data to dim table...
2023-09-08 10:45:09 [INFO] - Loading review data to dim table...
2023-09-08 10:45:09 [INFO] - Loading user data to dim table...
2023-09-08 10:45:14 [INFO] - Loading transaction data to fact table...
2023-09-08 10:45:20 [INFO] - Dimension table 'dim_user' validated successfully.
2023-09-08 10:45:20 [INFO] - Dimension table 'dim_review' validated successfully.
2023-09-08 10:45:20 [INFO] - Dimension table 'dim_product' validated successfully.
2023-09-08 10:45:25 [INFO] - fact table is validated
